<?xml version="1.0" encoding="UTF-8"?>
<testsuite name="StackTest" tests="1" skipped="0" failures="0" errors="0" timestamp="2020-10-16T11:58:32" hostname="LAPTOP-LKSOBLUQ" time="0.001">
  <properties/>
  <testcase name="test0" classname="StackTest" time="0.001"/>
  <system-out><![CDATA[]]></system-out>
  <system-err><![CDATA[]]></system-err>
</testsuite>
